<?xml version="1.0" encoding="UTF-8"?>
<!-- Generated by org.testng.reporters.JUnitReportReporter -->
<testsuite skipped="0" hostname="DESKTOP-N308L1J" name="test.AddCustomerTest" tests="1" failures="0" timestamp="12 Jul 2020 18:58:36 GMT" time="22.310" errors="0">
  <testcase name="validUserShouldBeAbleToAddCustomer" time="22.310" classname="test.AddCustomerTest"/>
</testsuite> <!-- test.AddCustomerTest -->
