<?xml version="1.0" encoding="UTF-8"?>
<!-- Generated by org.testng.reporters.JUnitReportReporter -->
<testsuite skipped="0" hostname="LAPTOP-6DPU4JM3" name="test.LoginTest" tests="1" failures="0" timestamp="2020-07-18T20:08:19 EDT" time="15.835" errors="0">
  <testcase name="validUserShouldBeAbleToLogin" time="15.835" classname="test.LoginTest"/>
  <system-out/>
</testsuite> <!-- test.LoginTest -->
